# JRE version: OpenJDK Runtime Environment (11.0.4+10) (build 11.0.4+10-b304.77)
# Java VM: OpenJDK 64-Bit Server VM (11.0.4+10-b304.77, mixed mode, tiered, compressed oops, g1 gc, bsd-amd64)
Heap:
 garbage-first heap   total 131072K, used 26269K [0x0000000780000000, 0x0000000800000000)
  region size 1024K, 12 young (12288K), 5 survivors (5120K)
 Metaspace       used 36281K, capacity 37418K, committed 37552K, reserved 1081344K
  class space    used 4345K, capacity 4832K, committed 4864K, reserved 1048576K
GC Heap History (10 events):
Event: 4.720 GC heap before
{Heap before GC invocations=2 (full 0):
 garbage-first heap   total 131072K, used 28282K [0x0000000780000000, 0x0000000800000000)
  region size 1024K, 25 young (25600K), 1 survivors (1024K)
 Metaspace       used 20506K, capacity 21147K, committed 21296K, reserved 1067008K
  class space    used 2573K, capacity 2861K, committed 2944K, reserved 1048576K
}
Event: 4.745 GC heap after
{Heap after GC invocations=3 (full 0):
 garbage-first heap   total 131072K, used 7293K [0x0000000780000000, 0x0000000800000000)
  region size 1024K, 4 young (4096K), 4 survivors (4096K)
 Metaspace       used 20506K, capacity 21147K, committed 21296K, reserved 1067008K
  class space    used 2573K, capacity 2861K, committed 2944K, reserved 1048576K
}
Event: 15.982 GC heap before
{Heap before GC invocations=4 (full 0):
 garbage-first heap   total 131072K, used 42109K [0x0000000780000000, 0x0000000800000000)
  region size 1024K, 38 young (38912K), 4 survivors (4096K)
 Metaspace       used 30443K, capacity 31451K, committed 31792K, reserved 1077248K
  class space    used 3687K, capacity 4160K, committed 4224K, reserved 1048576K
}
Event: 15.995 GC heap after
{Heap after GC invocations=5 (full 0):
 garbage-first heap   total 131072K, used 10258K [0x0000000780000000, 0x0000000800000000)
  region size 1024K, 3 young (3072K), 3 survivors (3072K)
 Metaspace       used 30443K, capacity 31451K, committed 31792K, reserved 1077248K
  class space    used 3687K, capacity 4160K, committed 4224K, reserved 1048576K
}
Event: 16.715 GC heap before
{Heap before GC invocations=5 (full 0):
 garbage-first heap   total 131072K, used 65554K [0x0000000780000000, 0x0000000800000000)
  region size 1024K, 57 young (58368K), 3 survivors (3072K)
 Metaspace       used 32575K, capacity 33592K, committed 33840K, reserved 1079296K
  class space    used 3927K, capacity 4399K, committed 4480K, reserved 1048576K
}
Event: 16.726 GC heap after
{Heap after GC invocations=6 (full 0):
 garbage-first heap   total 131072K, used 12963K [0x0000000780000000, 0x0000000800000000)
  region size 1024K, 6 young (6144K), 6 survivors (6144K)
 Metaspace       used 32575K, capacity 33592K, committed 33840K, reserved 1079296K
  class space    used 3927K, capacity 4399K, committed 4480K, reserved 1048576K
}
Event: 17.967 GC heap before
{Heap before GC invocations=6 (full 0):
 garbage-first heap   total 131072K, used 77475K [0x0000000780000000, 0x0000000800000000)
  region size 1024K, 69 young (70656K), 6 survivors (6144K)
 Metaspace       used 33953K, capacity 34960K, committed 35248K, reserved 1079296K
  class space    used 4082K, capacity 4549K, committed 4608K, reserved 1048576K
}
Event: 17.985 GC heap after
{Heap after GC invocations=7 (full 0):
 garbage-first heap   total 131072K, used 17107K [0x0000000780000000, 0x0000000800000000)
  region size 1024K, 7 young (7168K), 7 survivors (7168K)
 Metaspace       used 33953K, capacity 34960K, committed 35248K, reserved 1079296K
  class space    used 4082K, capacity 4549K, committed 4608K, reserved 1048576K
}
Event: 18.226 GC heap before
{Heap before GC invocations=7 (full 0):
 garbage-first heap   total 131072K, used 32467K [0x0000000780000000, 0x0000000800000000)
  region size 1024K, 23 young (23552K), 7 survivors (7168K)
 Metaspace       used 34661K, capacity 35666K, committed 35888K, reserved 1081344K
  class space    used 4180K, capacity 4636K, committed 4736K, reserved 1048576K
}
Event: 18.247 GC heap after
{Heap after GC invocations=8 (full 0):
 garbage-first heap   total 131072K, used 18077K [0x0000000780000000, 0x0000000800000000)
  region size 1024K, 5 young (5120K), 5 survivors (5120K)
 Metaspace       used 34661K, capacity 35666K, committed 35888K, reserved 1081344K
  class space    used 4180K, capacity 4636K, committed 4736K, reserved 1048576K
}

